[backblue.gif]
[fade.gif]
[index.html]
[www.spruko.com/demo/dashlot/Dashlot/sidemenu-Toggle-Dark/index.html]
[www.spruko.com/demo/dashlot/Dashlot/assets/images/brand/favicon.png]
[www.spruko.com/demo/dashlot/Dashlot/assets/plugins/bootstrap-4.1.3/css/bootstrap.min.css]
[www.spruko.com/demo/dashlot/Dashlot/assets/js/vendors/jquery-3.2.1.min.js]
[www.spruko.com/demo/dashlot/Dashlot/assets/plugins/moment/moment.min.js]
[www.spruko.com/demo/dashlot/Dashlot/assets/js/vendors/jquery.sparkline.min.js]
[www.spruko.com/demo/dashlot/Dashlot/assets/plugins/bootstrap-daterangepicker/daterangepicker.js]
[www.spruko.com/demo/dashlot/Dashlot/assets/plugins/bootstrap-datepicker/bootstrap-datepicker.js]
[www.spruko.com/demo/dashlot/Dashlot/assets/js/vendors/circle-progress.min.js]
[www.spruko.com/demo/dashlot/Dashlot/assets/js/vendors/bootstrap.bundle.min.js]
[www.spruko.com/demo/dashlot/Dashlot/assets/plugins/clipboard/clipboard.min.js]
[www.spruko.com/demo/dashlot/Dashlot/assets/plugins/clipboard/clipboard.js]
[www.spruko.com/demo/dashlot/Dashlot/assets/plugins/rating/jquery.rating-stars.js]
[www.spruko.com/demo/dashlot/Dashlot/assets/plugins/prism/prism.js]
[www.spruko.com/demo/dashlot/Dashlot/assets/plugins/scroll-bar/jquery.mCustomScrollbar.concat.min.js]
[www.spruko.com/demo/dashlot/Dashlot/assets/plugins/jquery-nice-select/js/jquery.nice-select.js]
[www.spruko.com/demo/dashlot/Dashlot/assets/plugins/jquery-nice-select/js/nice-select.js]
[www.spruko.com/demo/dashlot/Dashlot/assets/plugins/p-scroll/p-scroll.js]
[www.spruko.com/demo/dashlot/Dashlot/assets/plugins/p-scroll/p-scroll-leftmenu.js]
[www.spruko.com/demo/dashlot/Dashlot/assets/plugins/sidemenu/sidemenu.js]
[www.spruko.com/demo/dashlot/Dashlot/assets/plugins/sidemenu-responsive-tabs/js/sidemenu-responsive-tabs.js]
[www.spruko.com/demo/dashlot/Dashlot/assets/plugins/jqvmap/jquery.vmap.js]
[www.spruko.com/demo/dashlot/Dashlot/assets/plugins/jqvmap/maps/jquery.vmap.world.js]
[www.spruko.com/demo/dashlot/Dashlot/assets/plugins/jqvmap/jquery.vmap.sampledata.js]
[www.spruko.com/demo/dashlot/Dashlot/assets/plugins/chart/chart.min.js]
[www.spruko.com/demo/dashlot/Dashlot/assets/js/index-dark.js]
[www.spruko.com/demo/dashlot/Dashlot/assets/js/apexcharts.js]
[www.spruko.com/demo/dashlot/Dashlot/assets/js/left-menu.js]
[www.spruko.com/demo/dashlot/Dashlot/assets/js/index-map.js]
[www.spruko.com/demo/dashlot/Dashlot/assets/css/style.css]
[www.spruko.com/demo/dashlot/Dashlot/assets/plugins/sidebar/sidebar.js]
[www.spruko.com/demo/dashlot/Dashlot/assets/switcher/js/switcher.js]
[www.spruko.com/demo/dashlot/Dashlot/assets/js/custom-dark.js]
[www.spruko.com/demo/dashlot/Dashlot/assets/images/thumbnails/media1.jpg]
[www.spruko.com/demo/dashlot/Dashlot/assets/images/banners/banner2.jpg]
[www.spruko.com/demo/dashlot/Dashlot/assets/images/banners/banner7.jpg]
[www.spruko.com/demo/dashlot/Dashlot/assets/images/photos/13.jpg]
[www.spruko.com/demo/dashlot/Dashlot/assets/images/photos/back.png]
[www.spruko.com/demo/dashlot/Dashlot/assets/images/other/cursor.png]
[www.spruko.com/demo/dashlot/Dashlot/assets/css/default.css]
[www.spruko.com/demo/dashlot/Dashlot/assets/images/photos/background.jpg]
[www.spruko.com/demo/dashlot/Dashlot/assets/images/photos/8.jpg]
[www.spruko.com/demo/dashlot/Dashlot/assets/css/sidemenu.css]
[www.spruko.com/demo/dashlot/Dashlot/assets/images/photos/clouds.jpg]
[www.spruko.com/demo/dashlot/Dashlot/assets/images/thumbnails/media2.jpg]
[www.spruko.com/demo/dashlot/Dashlot/assets/images/brand/logo.png]
[www.spruko.com/demo/dashlot/Dashlot/assets/plugins/owl-carousel/owl.carousel.css]
[www.spruko.com/demo/dashlot/Dashlot/assets/plugins/bootstrap-daterangepicker/daterangepicker.css]
[www.spruko.com/demo/dashlot/Dashlot/assets/plugins/bootstrap-datepicker/bootstrap-datepicker.css]
[www.spruko.com/demo/dashlot/Dashlot/assets/plugins/scroll-bar/jquery.mCustomScrollbar.css]
[www.spruko.com/demo/dashlot/Dashlot/assets/css/sidemenu-responsive-tabs.css]
[www.spruko.com/demo/dashlot/Dashlot/assets/plugins/p-scroll/p-scroll.css]
[www.spruko.com/demo/dashlot/Dashlot/assets/css/icons.css]
[www.spruko.com/demo/dashlot/Dashlot/assets/plugins/sidebar/sidebar.css]
[www.spruko.com/demo/dashlot/Dashlot/assets/plugins/jquery-nice-select/css/nice-select.css]
[www.spruko.com/demo/dashlot/Dashlot/assets/switcher/css/switcher.css]
[www.spruko.com/demo/dashlot/Dashlot/assets/css/skins.css]
[www.spruko.com/demo/dashlot/Dashlot/assets/switcher/demo.css]
[www.spruko.com/demo/dashlot/Dashlot/assets/images/brand/logo1.png]
[www.spruko.com/demo/dashlot/Dashlot/assets/plugins/iconfonts/font-awesome/css/font-awesome.min.css]
[www.spruko.com/demo/dashlot/Dashlot/assets/plugins/iconfonts/Glyphicons/glyphicon.css]
[www.spruko.com/demo/dashlot/Dashlot/assets/plugins/iconfonts/Glyphicons/fonts/glyphicons-halflings-regular.eot]
[www.spruko.com/demo/dashlot/Dashlot/assets/plugins/iconfonts/Glyphicons/fonts/glyphicons-halflings-regulard41d.eot]
[www.spruko.com/demo/dashlot/Dashlot/assets/plugins/iconfonts/Glyphicons/fonts/glyphicons-halflings-regular.woff2]
[www.spruko.com/demo/dashlot/Dashlot/assets/plugins/iconfonts/ionicons/ionicons.css]
[www.spruko.com/demo/dashlot/Dashlot/assets/plugins/iconfonts/Glyphicons/fonts/glyphicons-halflings-regular.woff]
[www.spruko.com/demo/dashlot/Dashlot/assets/plugins/iconfonts/Glyphicons/fonts/glyphicons-halflings-regular.ttf]
[www.spruko.com/demo/dashlot/Dashlot/assets/plugins/iconfonts/ionicons/fonts/ioniconsaa26.eot]
[www.spruko.com/demo/dashlot/Dashlot/assets/plugins/iconfonts/Linearicons/Linearicons.css]
[www.spruko.com/demo/dashlot/Dashlot/assets/plugins/iconfonts/ionicons/fonts/ioniconsaa26.ttf]
[www.spruko.com/demo/dashlot/Dashlot/assets/plugins/iconfonts/ionicons/fonts/ioniconsaa26.woff]
[www.spruko.com/demo/dashlot/Dashlot/assets/plugins/iconfonts/Linearicons/fonts/Linearicons-Free54e9.eot]
[www.spruko.com/demo/dashlot/Dashlot/assets/plugins/iconfonts/Linearicons/fonts/Linearicons-Freed41d.eot]
[www.spruko.com/demo/dashlot/Dashlot/assets/plugins/iconfonts/Linearicons/fonts/Linearicons-Free54e9.woff2]
[www.spruko.com/demo/dashlot/Dashlot/assets/plugins/iconfonts/Linearicons/fonts/Linearicons-Free54e9.ttf]
[www.spruko.com/demo/dashlot/Dashlot/assets/plugins/iconfonts/materialdesignicons/materialdesignicons.css]
[www.spruko.com/demo/dashlot/Dashlot/assets/plugins/iconfonts/Linearicons/fonts/Linearicons-Free54e9.woff]
[www.spruko.com/demo/dashlot/Dashlot/assets/plugins/iconfonts/materialdesignicons/fonts/materialdesignicons-webfontdf71.eot]
[www.spruko.com/demo/dashlot/Dashlot/assets/plugins/iconfonts/materialdesignicons/fonts/materialdesignicons-webfontd41d.eot]
[www.spruko.com/demo/dashlot/Dashlot/assets/plugins/iconfonts/materialdesignicons/fonts/materialdesignicons-webfontdf71.woff2]
[www.spruko.com/demo/dashlot/Dashlot/assets/plugins/iconfonts/materialdesignicons/fonts/Material-Design-Iconic-Fontd1f1.woff2]
[www.spruko.com/demo/dashlot/Dashlot/assets/plugins/iconfonts/materialdesignicons/fonts/Material-Design-Iconic-Fontd1f1.woff]
[www.spruko.com/demo/dashlot/Dashlot/assets/plugins/iconfonts/materialdesignicons/fonts/Material-Design-Iconic-Fontd1f1.ttf]
[www.spruko.com/demo/dashlot/Dashlot/assets/plugins/iconfonts/Pe-icon-7-stroke/Pe-icon-7.css]
[www.spruko.com/demo/dashlot/Dashlot/assets/plugins/iconfonts/Pe-icon-7-stroke/fonts/Pe-icon-7-stroked41d.eot]
[www.spruko.com/demo/dashlot/Dashlot/assets/plugins/iconfonts/Pe-icon-7-stroke/fonts/Pe-icon-7-strokebb1d.woff]
[www.spruko.com/demo/dashlot/Dashlot/assets/plugins/iconfonts/Pe-icon-7-stroke/fonts/Pe-icon-7-strokebb1d.ttf]
[www.spruko.com/demo/dashlot/Dashlot/assets/plugins/iconfonts/Pe-icon-7-stroke/fonts/Pe-icon-7-strokebb1d.eot]
[www.spruko.com/demo/dashlot/Dashlot/assets/plugins/iconfonts/simple-line-icons/fonts/Simple-Line-Iconsb26c.ttf]
[www.spruko.com/demo/dashlot/Dashlot/assets/plugins/iconfonts/simple-line-icons/fonts/Simple-Line-Iconsb26c.eot]
[www.spruko.com/demo/dashlot/Dashlot/assets/plugins/iconfonts/simple-line-icons/fonts/Simple-Line-Iconsb26c.woff2]
[www.spruko.com/demo/dashlot/Dashlot/assets/plugins/iconfonts/simple-line-icons/fonts/Simple-Line-Iconsb26c.woff]
[www.spruko.com/demo/dashlot/Dashlot/assets/plugins/iconfonts/simple-line-icons/simple-line-icons.css]
[www.spruko.com/demo/dashlot/Dashlot/assets/plugins/iconfonts/themify/themify.css]
[www.spruko.com/demo/dashlot/Dashlot/assets/plugins/iconfonts/simple-line-icons/fonts/simple-line-icons/Simple-Line-Iconsb26c.woff2]
[www.spruko.com/demo/dashlot/Dashlot/assets/plugins/iconfonts/simple-line-icons/fonts/simple-line-icons/Simple-Line-Iconsb26c.eot]
[www.spruko.com/demo/dashlot/Dashlot/assets/plugins/iconfonts/simple-line-icons/fonts/simple-line-icons/Simple-Line-Iconsb26c.ttf]
[www.spruko.com/demo/dashlot/Dashlot/assets/plugins/iconfonts/simple-line-icons/fonts/simple-line-icons/Simple-Line-Iconsb26c.woff]
[www.spruko.com/demo/dashlot/Dashlot/assets/plugins/iconfonts/themify/fonts/themifyd41d.eot]
[www.spruko.com/demo/dashlot/Dashlot/assets/plugins/iconfonts/themify/fonts/themify9f24.eot]
[www.spruko.com/demo/dashlot/Dashlot/assets/plugins/iconfonts/typicons/typicons.css]
[www.spruko.com/demo/dashlot/Dashlot/assets/plugins/iconfonts/themify/fonts/themify9f24.woff]
[www.spruko.com/demo/dashlot/Dashlot/assets/plugins/iconfonts/themify/fonts/themify9f24.ttf]
[www.spruko.com/demo/dashlot/Dashlot/assets/plugins/iconfonts/typicons/fonts/typicons.eot]
[www.spruko.com/demo/dashlot/Dashlot/assets/plugins/iconfonts/typicons/fonts/typicons.woff]
[www.spruko.com/demo/dashlot/Dashlot/assets/plugins/iconfonts/typicons/fonts/typiconsd41d.eot]
[www.spruko.com/demo/dashlot/Dashlot/assets/plugins/iconfonts/typicons/fonts/typicons.ttf]
[www.spruko.com/demo/dashlot/Dashlot/assets/plugins/iconfonts/weathericons/fonts/weathericons-regular-webfont.eot]
[www.spruko.com/demo/dashlot/Dashlot/assets/plugins/iconfonts/weathericons/weathericons.css]
[www.spruko.com/demo/dashlot/Dashlot/assets/plugins/iconfonts/weathericons/fonts/weathericons-regular-webfontd41d.eot]
[www.spruko.com/demo/dashlot/Dashlot/assets/plugins/iconfonts/weathericons/fonts/weathericons-regular-webfont.woff2]
[www.spruko.com/demo/dashlot/Dashlot/assets/plugins/iconfonts/weathericons/fonts/weathericons-regular-webfont.woff]
[www.spruko.com/demo/dashlot/Dashlot/assets/plugins/iconfonts/weathericons/fonts/weathericons-regular-webfont.ttf]
[www.spruko.com/demo/dashlot/Dashlot/assets/plugins/iconfonts/crypto/cryptocoins.css]
[www.spruko.com/demo/dashlot/Dashlot/assets/plugins/iconfonts/crypto/cryptocoins.ttf]
[www.spruko.com/demo/dashlot/Dashlot/assets/plugins/iconfonts/crypto/cryptocoins.woff2]
[www.spruko.com/demo/dashlot/Dashlot/assets/plugins/iconfonts/crypto/cryptocoins.woff]
[www.spruko.com/demo/dashlot/Dashlot/assets/plugins/iconfonts/Glyphicons/fonts/glyphicons-halflings-regular.svg]
[www.spruko.com/demo/dashlot/Dashlot/assets/plugins/iconfonts/ionicons/fonts/ioniconsaa26.svg]
[www.spruko.com/demo/dashlot/Dashlot/assets/plugins/iconfonts/Linearicons/fonts/Linearicons-Free54e9.svg]
[www.spruko.com/demo/dashlot/Dashlot/assets/plugins/iconfonts/Pe-icon-7-stroke/fonts/Pe-icon-7-strokebb1d.svg]
[www.spruko.com/demo/dashlot/Dashlot/assets/plugins/iconfonts/simple-line-icons/fonts/Simple-Line-Iconsb26c.svg]
[www.spruko.com/demo/dashlot/Dashlot/assets/plugins/iconfonts/simple-line-icons/fonts/simple-line-icons/Simple-Line-Iconsb26c.svg]
[www.spruko.com/demo/dashlot/Dashlot/assets/plugins/iconfonts/themify/fonts/themify9f24.svg]
[www.spruko.com/demo/dashlot/Dashlot/assets/plugins/iconfonts/typicons/fonts/typicons.svg]
[www.spruko.com/demo/dashlot/Dashlot/assets/plugins/iconfonts/weathericons/fonts/weathericons-regular-webfont.svg]
[www.spruko.com/demo/dashlot/Dashlot/assets/css/images/thumbnails/thumb2.html]
[www.spruko.com/demo/dashlot/Dashlot/assets/css/images/products/b5.html]
[www.spruko.com/demo/dashlot/Dashlot/assets/css/images/photos/clouds.html]
[www.spruko.com/demo/dashlot/Dashlot/assets/css/images/photos/45.html]
[www.spruko.com/demo/dashlot/Dashlot/assets/css/images/svg/bg-shape.html]
[www.spruko.com/demo/dashlot/Dashlot/assets/css/images/other/about.html]
[www.spruko.com/demo/dashlot/Dashlot/assets/css/images/other/login.html]
[www.spruko.com/demo/dashlot/Dashlot/assets/css/images/banners/banner7.html]
[www.spruko.com/demo/dashlot/Dashlot/assets/css/images/other/construction.html]
[www.spruko.com/demo/dashlot/Dashlot/assets/css/images/brand/favicon.html]
[www.spruko.com/demo/dashlot/Dashlot/assets/css/images/brand/favicon-1.html]
[www.spruko.com/demo/dashlot/Dashlot/assets/plugins/owl-carousel/owl.video.play.html]
[www.spruko.com/demo/dashlot/Dashlot/assets/plugins/scroll-bar/mCSB_buttons.html]
[www.spruko.com/demo/dashlot/Dashlot/assets/plugins/iconfonts/materialdesignicons/fonts/materialdesignicons/materialdesignicons-webfontdf71.html]
[www.spruko.com/demo/dashlot/Dashlot/assets/plugins/iconfonts/materialdesignicons/fonts/materialdesignicons/materialdesignicons-webfontdf71-2.html]
[www.spruko.com/demo/dashlot/Dashlot/assets/plugins/iconfonts/materialdesignicons/fonts/materialdesignicons/materialdesignicons-webfontdf71-3.html]
